GROUP,PACKAGE,CLASS,INSTRUCTION_MISSED,INSTRUCTION_COVERED,BRANCH_MISSED,BRANCH_COVERED,LINE_MISSED,LINE_COVERED,COMPLEXITY_MISSED,COMPLEXITY_COVERED,METHOD_MISSED,METHOD_COVERED
frontiers,edu.ucsb.cs156.frontiers.errors,NoLinkedOrganizationException,0,5,0,0,0,2,0,1,0,1
frontiers,edu.ucsb.cs156.frontiers.errors,EntityNotFoundException,0,17,0,0,0,2,0,1,0,1
frontiers,edu.ucsb.cs156.frontiers.errors,InvalidInstallationTypeException,0,5,0,0,0,2,0,1,0,1
frontiers,edu.ucsb.cs156.frontiers.enums,RosterStatus,0,21,0,0,0,4,0,1,0,1
frontiers,edu.ucsb.cs156.frontiers.enums,RepositoryPermissions,0,39,0,0,0,8,0,2,0,2
frontiers,edu.ucsb.cs156.frontiers.enums,InsertStatus,0,21,0,0,0,4,0,1,0,1
frontiers,edu.ucsb.cs156.frontiers.enums,TeamStatus,0,27,0,0,0,5,0,1,0,1
frontiers,edu.ucsb.cs156.frontiers.enums,OrgStatus,0,39,0,0,0,7,0,1,0,1
frontiers,edu.ucsb.cs156.frontiers.services.jobs,JobService,0,73,0,2,0,20,0,6,0,5
frontiers,edu.ucsb.cs156.frontiers.services.jobs,JobContextFactory,0,13,0,0,0,4,0,2,0,2
frontiers,edu.ucsb.cs156.frontiers.services.jobs,JobContext,0,48,0,4,0,6,0,4,0,2
frontiers,edu.ucsb.cs156.frontiers.interceptors,RoleUpdateInterceptor,0,100,0,12,0,26,0,9,0,3
frontiers,edu.ucsb.cs156.frontiers.services,RosterStudentDTOService,0,24,0,0,0,6,0,3,0,3
frontiers,edu.ucsb.cs156.frontiers.services,GithubTeamService,0,422,0,12,0,94,0,14,0,8
frontiers,edu.ucsb.cs156.frontiers.services,OrganizationLinkerService,0,183,0,6,0,44,0,7,0,4
frontiers,edu.ucsb.cs156.frontiers.services,OrganizationMemberService.new TypeReference() {...},0,3,0,0,0,1,0,1,0,1
frontiers,edu.ucsb.cs156.frontiers.services,OrganizationMemberService.new TypeReference() {...},0,3,0,0,0,1,0,1,0,1
frontiers,edu.ucsb.cs156.frontiers.services,UpdateUserService,0,139,0,12,0,36,0,13,0,7
frontiers,edu.ucsb.cs156.frontiers.services,GithubGraphQLService,0,173,0,0,0,41,0,4,0,4
frontiers,edu.ucsb.cs156.frontiers.services,SystemInfoServiceImpl,0,58,0,6,0,16,0,7,0,4
frontiers,edu.ucsb.cs156.frontiers.services,UserDataDTOService,0,81,0,2,0,16,0,5,0,4
frontiers,edu.ucsb.cs156.frontiers.services,SystemInfoService,0,3,0,0,0,1,0,1,0,1
frontiers,edu.ucsb.cs156.frontiers.services,JwtService,0,152,0,4,0,37,0,7,0,5
frontiers,edu.ucsb.cs156.frontiers.services,RepositoryService,0,176,0,2,0,45,0,4,0,3
frontiers,edu.ucsb.cs156.frontiers.services,OrganizationMemberService,0,465,0,20,0,105,0,23,0,13
frontiers,edu.ucsb.cs156.frontiers.services,CurrentUserService,0,10,0,2,0,2,0,3,0,2
frontiers,edu.ucsb.cs156.frontiers.controllers,CoursesController.RosterStudentCoursesDTO,0,27,0,0,0,1,0,1,0,1
frontiers,edu.ucsb.cs156.frontiers.controllers,CustomErrorController,0,129,0,14,0,29,0,10,0,3
frontiers,edu.ucsb.cs156.frontiers.controllers,InstructorsController,0,66,0,2,0,15,0,6,0,5
frontiers,edu.ucsb.cs156.frontiers.controllers,CSRFController,0,5,0,0,0,2,0,2,0,2
frontiers,edu.ucsb.cs156.frontiers.controllers,UserInfoController,0,6,0,0,0,2,0,2,0,2
frontiers,edu.ucsb.cs156.frontiers.controllers,RosterStudentsCSVController,0,532,0,42,0,128,0,37,0,16
frontiers,edu.ucsb.cs156.frontiers.controllers,TeamsController,0,668,0,38,0,126,0,41,0,22
frontiers,edu.ucsb.cs156.frontiers.controllers,CoursesController,0,449,0,14,0,123,0,30,0,23
frontiers,edu.ucsb.cs156.frontiers.controllers,GithubController,0,61,0,2,0,18,0,4,0,3
frontiers,edu.ucsb.cs156.frontiers.controllers,CoursesController.InstructorCourseView,0,63,0,4,0,12,0,4,0,2
frontiers,edu.ucsb.cs156.frontiers.controllers,TeamsController.TeamMemberMapping,0,49,0,0,0,9,0,2,0,2
frontiers,edu.ucsb.cs156.frontiers.controllers,ApiController,0,76,0,0,0,20,0,11,0,11
frontiers,edu.ucsb.cs156.frontiers.controllers,TeamsController.TeamCreationResponse,0,15,0,0,0,1,0,1,0,1
frontiers,edu.ucsb.cs156.frontiers.controllers,AdminsController.AdminDTO,0,18,0,0,0,3,0,2,0,2
frontiers,edu.ucsb.cs156.frontiers.controllers,TeamsController.TeamSourceType,0,15,0,0,0,3,0,1,0,1
frontiers,edu.ucsb.cs156.frontiers.controllers,AdminsController,0,85,0,2,0,19,0,8,0,7
frontiers,edu.ucsb.cs156.frontiers.controllers,JobsController,0,134,0,2,0,31,0,12,0,11
frontiers,edu.ucsb.cs156.frontiers.controllers,CoursesController.StaffCoursesDTO,0,27,0,0,0,1,0,1,0,1
frontiers,edu.ucsb.cs156.frontiers.controllers,TestErrorController,0,8,0,0,0,2,0,2,0,2
frontiers,edu.ucsb.cs156.frontiers.controllers,TeamsController.TeamMemberStatus,0,21,0,0,0,4,0,1,0,1
frontiers,edu.ucsb.cs156.frontiers.controllers,RosterStudentsCSVController.RosterSourceType,0,33,0,0,0,6,0,1,0,1
frontiers,edu.ucsb.cs156.frontiers.controllers,RosterStudentsController,0,622,0,74,0,160,0,59,0,22
frontiers,edu.ucsb.cs156.frontiers.controllers,CSVDownloadsController,0,101,0,0,0,23,0,5,0,5
frontiers,edu.ucsb.cs156.frontiers.controllers,GithubGraphQLController,0,137,0,0,0,23,0,6,0,6
frontiers,edu.ucsb.cs156.frontiers.controllers,RepositoryController,0,53,0,4,0,14,0,5,0,3
frontiers,edu.ucsb.cs156.frontiers.controllers,CourseStaffController,0,304,0,34,0,83,0,29,0,12
frontiers,edu.ucsb.cs156.frontiers.controllers,UsersController,0,8,0,0,0,2,0,2,0,2
frontiers,edu.ucsb.cs156.frontiers.controllers,WebhookController,0,438,0,54,0,102,0,30,0,3
frontiers,edu.ucsb.cs156.frontiers.controllers,TeamsController.TeamMemberResult,0,24,0,0,0,5,0,3,0,3
frontiers,edu.ucsb.cs156.frontiers.controllers,SystemInfoController,0,7,0,0,0,2,0,2,0,2
frontiers,edu.ucsb.cs156.frontiers.jobs,PushTeamsToGithubJob,0,262,0,22,0,72,0,12,0,1
frontiers,edu.ucsb.cs156.frontiers.jobs,MembershipAuditJob,0,247,0,30,0,62,0,22,0,7
frontiers,edu.ucsb.cs156.frontiers.jobs,RemoveStudentsJob,0,79,0,12,0,17,0,7,0,1
frontiers,edu.ucsb.cs156.frontiers.jobs,UpdateOrgMembershipJob,0,47,0,4,0,12,0,3,0,1
frontiers,edu.ucsb.cs156.frontiers.jobs,CreateStudentRepositoriesJob,0,43,0,8,0,9,0,5,0,1
frontiers,edu.ucsb.cs156.frontiers.jobs,UpdateAllJob,0,10,0,0,0,4,0,1,0,1
frontiers,edu.ucsb.cs156.frontiers.utilities,CanonicalFormConverter,0,17,0,0,0,4,0,3,0,3
frontiers,edu.ucsb.cs156.frontiers.utilities,WebhookSecurityUtils,0,134,0,18,0,29,0,14,0,5
frontiers,edu.ucsb.cs156.frontiers.startup,FrontiersApplicationRunner,0,14,0,0,0,5,0,3,0,3
frontiers,edu.ucsb.cs156.frontiers.startup,WiremockApplicationRunner,0,17,0,0,0,6,0,3,0,3
frontiers,edu.ucsb.cs156.frontiers.startup,FrontiersStartup,0,72,0,6,0,20,0,8,0,5
frontiers,edu.ucsb.cs156.frontiers.models,UpsertResponse,0,12,0,0,0,2,0,2,0,2
frontiers,edu.ucsb.cs156.frontiers.models,RosterStudentDTO,0,78,0,2,0,16,0,3,0,2
frontiers,edu.ucsb.cs156.frontiers.models,LoadResult,0,15,0,0,0,1,0,1,0,1
frontiers,edu.ucsb.cs156.frontiers.models,UserDataDTO,0,30,0,0,0,12,0,1,0,1
frontiers,edu.ucsb.cs156.frontiers.entities,RosterStudent,0,16,0,2,0,3,0,3,0,2
